
2019-11-05 18:16:17.513002, Error 500 Problema Interno, Funcion: Unknown
2019-11-05 18:17:19.230375, Error 500 Problema Interno, Funcion: Unknown
2019-11-05 18:23:01.893380, Error 500 Problema Interno, Funcion: Unknown
2019-11-05 19:16:20.650533, Error 500 Problema Interno, Funcion: Unknown
2019-11-05 19:20:03.613915, Error 500 Problema Interno, Funcion: Unknown

2019-11-05 19:26:11.459990, Error 500 Problema Interno, Funcion: Unknown

2019-11-05 19:33:39.170106, Error 500 Problema Interno, Funcion: Unknown

2019-11-05 19:56:18.220375, [Errno 101] Network is unreachable, Funcion: Error en funciones_mail

2019-11-05 20:18:43.782087, Error 500 Problema Interno, Funcion: Unknown

2019-11-05 20:21:33.764110, Error 500 Problema Interno, Funcion: Unknown

2019-11-05 20:24:42.037527, Error 500 Problema Interno, Funcion: Unknown

2019-11-05 20:31:50.591280, Error 500 Problema Interno, Funcion: Unknown

2019-11-05 20:32:57.657765, Error 500 Problema Interno, Funcion: Unknown

2019-11-05 20:33:04.232551, Error 500 Problema Interno, Funcion: Unknown

2019-11-05 20:34:42.188842, Error 500 Problema Interno, Funcion: Unknown

2019-11-05 20:34:43.472354, Error 500 Problema Interno, Funcion: Unknown

2019-11-05 20:36:43.263705, Error 500 Problema Interno, Funcion: Unknown

2019-11-05 20:37:35.751816, Error 500 Problema Interno, Funcion: Unknown

2019-11-05 20:38:37.706416, Error 500 Problema Interno, Funcion: Unknown

2019-11-05 20:41:25.538610, <bound method SQLAlchemyError._message of IntegrityError('(pymysql.err.IntegrityError) (1048, "Column \'nombre\' cannot be null")',)>, Funcion: error en base de datos 

2019-11-06 17:43:10.747072, (535, b'5.7.8 Username and Password not accepted. Learn more at\n5.7.8  https://support.google.com/mail/?p=BadCredentials x194sm8691482qkb.66 - gsmtp'), Funcion: Error en funciones_mail

2019-11-12 10:40:45.920203, (pymysql.err.IntegrityError) (1048, "Column 'usuarioId' cannot be null"), Funcion: Error en base de datos en crearEvento en funciones.py

2019-11-12 10:44:27.843286, (pymysql.err.IntegrityError) (1048, "Column 'nombre' cannot be null"), Funcion: Error en base de datos en crearEvento en funciones.py

2019-11-12 10:45:54.541582, <bound method SQLAlchemyError._message of IntegrityError('(pymysql.err.IntegrityError) (1048, "Column \'nombre\' cannot be null")',)>, Funcion: error en base de datos 

2019-11-12 10:58:52.509006, (530, b'5.5.1 Authentication Required. Learn more at\n5.5.1  https://support.google.com/mail/?p=WantAuthError n5sm9315309qke.74 - gsmtp', '=?utf-8?q?Master_Eventos?= <Mastereventos@eventos.com>'), Funcion: Error en funciones_mail

2019-11-12 11:11:46.159331, (530, b'5.5.1 Authentication Required. Learn more at\n5.5.1  https://support.google.com/mail/?p=WantAuthError o28sm11187360qtk.4 - gsmtp', '=?utf-8?q?Master_Eventos?= <Mastereventos@eventos.com>'), Funcion: Error en funciones_mail

2019-11-13 22:34:11.498153, (530, b'5.5.1 Authentication Required. Learn more at\n5.5.1  https://support.google.com/mail/?p=WantAuthError x39sm2438289qth.92 - gsmtp', '=?utf-8?q?Master_Eventos?= <Mastereventos@eventos.com>'), Funcion: Error en funciones_mail

2019-11-13 22:40:11.432702, (530, b'5.5.1 Authentication Required. Learn more at\n5.5.1  https://support.google.com/mail/?p=WantAuthError u11sm2057242qtg.11 - gsmtp', '=?utf-8?q?Master_Eventos?= <Mastereventos@eventos.com>'), Funcion: Error en funciones_mail

2019-11-13 22:40:24.326830, (530, b'5.5.1 Authentication Required. Learn more at\n5.5.1  https://support.google.com/mail/?p=WantAuthError w23sm2475904qtw.87 - gsmtp', '=?utf-8?q?Master_Eventos?= <Mastereventos@eventos.com>'), Funcion: Error en funciones_mail

2019-11-14 09:20:51.098582, (530, b'5.5.1 Authentication Required. Learn more at\n5.5.1  https://support.google.com/mail/?p=WantAuthError z193sm2549992qkb.12 - gsmtp', '=?utf-8?q?Master_Eventos?= <Mastereventos@eventos.com>'), Funcion: Error en funciones_mail

2019-11-14 09:28:19.916072, (530, b'5.5.1 Authentication Required. Learn more at\n5.5.1  https://support.google.com/mail/?p=WantAuthError n49sm3099501qtk.94 - gsmtp', '=?utf-8?q?Master_Eventos?= <Mastereventos@eventos.com>'), Funcion: Error en funciones_mail

2019-11-14 09:35:04.264294, (530, b'5.5.1 Authentication Required. Learn more at\n5.5.1  https://support.google.com/mail/?p=WantAuthError n66sm2571703qkb.72 - gsmtp', '=?utf-8?q?Master_Eventos?= <Mastereventos@eventos.com>'), Funcion: Error en funciones_mail

2019-11-14 09:36:16.466949, (530, b'5.5.1 Authentication Required. Learn more at\n5.5.1  https://support.google.com/mail/?p=WantAuthError z7sm3446999qth.85 - gsmtp', '=?utf-8?q?Master_Eventos?= <Mastereventos@eventos.com>'), Funcion: Error en funciones_mail

2019-11-17 20:05:31.343352, Error 500 Problema Interno, Funcion: Unknown

2019-11-17 20:33:06.182034, Error 500 Problema Interno, Funcion: Unknown

2019-11-21 10:20:45.554079, Error 500 Problema Interno, Funcion: Unknown

2019-11-21 10:22:45.618973, Error 500 Problema Interno, Funcion: Unknown

2019-11-21 11:18:32.683850, Error 500 Problema Interno, Funcion: Unknown

2019-11-21 11:19:13.201159, Error 500 Problema Interno, Funcion: Unknown

2019-11-21 11:24:27.001723, (530, b'5.5.1 Authentication Required. Learn more at\n5.5.1  https://support.google.com/mail/?p=WantAuthError m186sm1503987qkc.39 - gsmtp', '=?utf-8?q?Master_Eventos?= <Mastereventos@eventos.com>'), Funcion: Error en funciones_mail

2019-11-21 11:26:22.636735, (530, b'5.5.1 Authentication Required. Learn more at\n5.5.1  https://support.google.com/mail/?p=WantAuthError 184sm1483551qkl.6 - gsmtp', '=?utf-8?q?Master_Eventos?= <Mastereventos@eventos.com>'), Funcion: Error en funciones_mail

2019-11-21 11:26:28.627154, (530, b'5.5.1 Authentication Required. Learn more at\n5.5.1  https://support.google.com/mail/?p=WantAuthError b63sm1465062qkf.14 - gsmtp', '=?utf-8?q?Master_Eventos?= <Mastereventos@eventos.com>'), Funcion: Error en funciones_mail

2019-11-21 11:27:52.776616, (530, b'5.5.1 Authentication Required. Learn more at\n5.5.1  https://support.google.com/mail/?p=WantAuthError g188sm1395751qkf.105 - gsmtp', '=?utf-8?q?Master_Eventos?= <Mastereventos@eventos.com>'), Funcion: Error en funciones_mail

2019-11-21 11:27:56.561061, (530, b'5.5.1 Authentication Required. Learn more at\n5.5.1  https://support.google.com/mail/?p=WantAuthError b81sm1452680qkc.135 - gsmtp', '=?utf-8?q?Master_Eventos?= <Mastereventos@eventos.com>'), Funcion: Error en funciones_mail

2019-11-21 11:28:00.185920, (530, b'5.5.1 Authentication Required. Learn more at\n5.5.1  https://support.google.com/mail/?p=WantAuthError m5sm1630675qtu.3 - gsmtp', '=?utf-8?q?Master_Eventos?= <Mastereventos@eventos.com>'), Funcion: Error en funciones_mail

2019-11-21 11:33:00.362749, (530, b'5.5.1 Authentication Required. Learn more at\n5.5.1  https://support.google.com/mail/?p=WantAuthError j71sm1450710qke.90 - gsmtp', '=?utf-8?q?Master_Eventos?= <Mastereventos@eventos.com>'), Funcion: Error en funciones_mail

2019-11-21 17:18:32.454784, (530, b'5.5.1 Authentication Required. Learn more at\n5.5.1  https://support.google.com/mail/?p=WantAuthError n21sm2276071qtn.33 - gsmtp', '=?utf-8?q?Master_Eventos?= <Mastereventos@eventos.com>'), Funcion: Error en funciones_mail

2019-11-21 17:23:48.097848, (530, b'5.5.1 Authentication Required. Learn more at\n5.5.1  https://support.google.com/mail/?p=WantAuthError 23sm1969150qkj.52 - gsmtp', '=?utf-8?q?Master_Eventos?= <Mastereventos@eventos.com>'), Funcion: Error en funciones_mail

2019-11-21 17:26:05.635956, (530, b'5.5.1 Authentication Required. Learn more at\n5.5.1  https://support.google.com/mail/?p=WantAuthError j4sm1904663qkk.4 - gsmtp', '=?utf-8?q?Master_Eventos?= <Mastereventos@eventos.com>'), Funcion: Error en funciones_mail

2019-11-21 17:26:07.021415, (530, b'5.5.1 Authentication Required. Learn more at\n5.5.1  https://support.google.com/mail/?p=WantAuthError x30sm2242680qtc.7 - gsmtp', '=?utf-8?q?Master_Eventos?= <Mastereventos@eventos.com>'), Funcion: Error en funciones_mail

2019-11-21 17:26:08.001019, (530, b'5.5.1 Authentication Required. Learn more at\n5.5.1  https://support.google.com/mail/?p=WantAuthError z70sm1887788qkb.60 - gsmtp', '=?utf-8?q?Master_Eventos?= <Mastereventos@eventos.com>'), Funcion: Error en funciones_mail

2019-11-21 17:29:47.610989, (530, b'5.5.1 Authentication Required. Learn more at\n5.5.1  https://support.google.com/mail/?p=WantAuthError a62sm1956487qkf.81 - gsmtp', '=?utf-8?q?Master_Eventos?= <Mastereventos@eventos.com>'), Funcion: Error en funciones_mail

2019-11-21 17:32:06.413859, (530, b'5.5.1 Authentication Required. Learn more at\n5.5.1  https://support.google.com/mail/?p=WantAuthError z3sm2105018qtu.83 - gsmtp', '=?utf-8?q?Master_Eventos?= <Mastereventos@eventos.com>'), Funcion: Error en funciones_mail

2019-11-21 19:39:57.186099, (530, b'5.5.1 Authentication Required. Learn more at\n5.5.1  https://support.google.com/mail/?p=WantAuthError c16sm2395827qtm.48 - gsmtp', '=?utf-8?q?Master_Eventos?= <Mastereventos@eventos.com>'), Funcion: Error en funciones_mail

2019-11-21 20:54:17.894016, Error 500 Problema Interno, Funcion: Unknown

2019-11-21 23:13:31.342588, Error 500 Problema Interno, Funcion: Unknown

2019-11-21 23:14:09.502177, Error 500 Problema Interno, Funcion: Unknown

2019-11-23 16:37:24.277423, (pymysql.err.IntegrityError) (1048, "Column 'nombre' cannot be null"), Funcion: Error en base de datos en crearEvento en funciones.py

2019-11-23 16:41:16.960915, (pymysql.err.IntegrityError) (1048, "Column 'nombre' cannot be null"), Funcion: Error en base de datos en crearEvento en funciones.py

2019-11-23 16:42:33.526782, <bound method SQLAlchemyError._message of IntegrityError('(pymysql.err.IntegrityError) (1048, "Column \'nombre\' cannot be null")',)>, Funcion: error en base de datos 

2019-11-23 16:44:03.347917, (pymysql.err.IntegrityError) (1048, "Column 'nombre' cannot be null"), Funcion: Error en base de datos en crearEvento en funciones.py

2019-11-23 16:44:03.358182, Error 500 Problema Interno, Funcion: Unknown

2019-11-23 17:01:00.610643, (pymysql.err.IntegrityError) (1048, "Column 'nombre' cannot be null"), Funcion: Error en base de datos en crearEvento en funciones.py

2019-11-23 17:01:00.614348, Error 500 Problema Interno, Funcion: Unknown

2019-11-23 17:04:19.629102, <bound method SQLAlchemyError._message of IntegrityError('(pymysql.err.IntegrityError) (1048, "Column \'nombre\' cannot be null")',)>, Funcion: error en base de datos en crearUsuario en funciones.py

2019-11-23 17:04:19.640592, Error 500 Problema Interno, Funcion: Unknown

2019-11-23 18:05:40.112436, (pymysql.err.IntegrityError) (1048, "Column 'nombre' cannot be null"), Funcion: Error en base de datos en crearEvento en funciones.py

2019-11-23 18:07:49.929142, (pymysql.err.IntegrityError) (1048, "Column 'nombre' cannot be null"), Funcion: Error en base de datos en crearEvento en funciones.py

2019-11-23 18:14:28.197187, (pymysql.err.IntegrityError) (1048, "Column 'nombre' cannot be null"), Funcion: Error en base de datos en crearEvento en funciones.py

2019-11-23 18:26:03.663289, (pymysql.err.IntegrityError) (1048, "Column 'nombre' cannot be null"), Funcion: Error en base de datos en crearEvento en funciones.py

2019-11-23 18:26:59.779994, <bound method SQLAlchemyError._message of IntegrityError('(pymysql.err.IntegrityError) (1048, "Column \'contenido\' cannot be null")',)>, Funcion: error en base de datos en crearComentario en funciones.py

2019-11-23 18:28:41.550502, <bound method SQLAlchemyError._message of IntegrityError('(pymysql.err.IntegrityError) (1048, "Column \'nombre\' cannot be null")',)>, Funcion: error en base de datos en crearUsuario en funciones.py

2019-11-23 18:30:41.178000, Error 500 Problema Interno, Funcion: Unknown
